<?xml version="1.0" encoding="UTF-8"?>
<testng-results total="1" passed="1" failed="0" skipped="0">
  <reporter-output>
  </reporter-output>
  <suite started-at="2021-08-10T10:19:32Z" name="Default suite" finished-at="2021-08-10T10:20:15Z" duration-ms="42901">
    <groups>
    </groups>
    <test started-at="2021-08-10T10:19:32Z" name="Default test" finished-at="2021-08-10T10:20:15Z" duration-ms="42901">
      <class name="com.qa.testcases.Testaddworkorder">
        <test-method is-config="true" signature="beforeMethod(java.lang.reflect.Method)[pri:0, instance:com.qa.testcases.Testaddworkorder@40cb698e]" started-at="2021-08-10T15:49:32Z" name="beforeMethod" finished-at="2021-08-10T15:49:32Z" duration-ms="6" status="PASS">
          <params>
            <param index="0">
              <value>
                <![CDATA[public void com.qa.testcases.Testaddworkorder.filterlist() throws java.lang.Exception]]>
              </value>
            </param>
          </params>
          <reporter-output>
          </reporter-output>
        </test-method> <!-- beforeMethod -->
        <test-method is-config="true" signature="setup()[pri:0, instance:com.qa.testcases.Testaddworkorder@40cb698e]" started-at="2021-08-10T15:49:32Z" name="setup" finished-at="2021-08-10T15:49:38Z" duration-ms="5440" status="PASS">
          <reporter-output>
          </reporter-output>
        </test-method> <!-- setup -->
        <test-method signature="filterlist()[pri:0, instance:com.qa.testcases.Testaddworkorder@40cb698e]" started-at="2021-08-10T15:49:38Z" name="filterlist" finished-at="2021-08-10T15:50:15Z" duration-ms="37006" status="PASS">
          <reporter-output>
          </reporter-output>
        </test-method> <!-- filterlist -->
        <test-method is-config="true" signature="teardown()[pri:0, instance:com.qa.testcases.Testaddworkorder@40cb698e]" started-at="2021-08-10T15:50:15Z" name="teardown" finished-at="2021-08-10T15:50:15Z" duration-ms="1" status="PASS">
          <reporter-output>
          </reporter-output>
        </test-method> <!-- teardown -->
        <test-method is-config="true" signature="endTest()[pri:0, instance:com.qa.testcases.Testaddworkorder@40cb698e]" started-at="2021-08-10T15:50:15Z" name="endTest" finished-at="2021-08-10T15:50:15Z" duration-ms="436" status="PASS">
          <reporter-output>
          </reporter-output>
        </test-method> <!-- endTest -->
        <test-method is-config="true" signature="afterMethod(org.testng.ITestResult)[pri:0, instance:com.qa.testcases.Testaddworkorder@40cb698e]" started-at="2021-08-10T15:50:15Z" name="afterMethod" finished-at="2021-08-10T15:50:15Z" duration-ms="0" status="PASS">
          <params>
            <param index="0">
              <value>
                <![CDATA[[TestResult name=filterlist status=SUCCESS method=Testaddworkorder.filterlist()[pri:0, instance:com.qa.testcases.Testaddworkorder@40cb698e] output={null}]]]>
              </value>
            </param>
          </params>
          <reporter-output>
          </reporter-output>
        </test-method> <!-- afterMethod -->
      </class> <!-- com.qa.testcases.Testaddworkorder -->
    </test> <!-- Default test -->
  </suite> <!-- Default suite -->
</testng-results>
